# JRE version: OpenJDK Runtime Environment (11.0.10) (build 11.0.10+0-b96-7249189)
# Java VM: OpenJDK 64-Bit Server VM (11.0.10+0-b96-7249189, mixed mode, tiered, compressed oops, g1 gc, windows-amd64)
Heap:
 garbage-first heap   total 175104K, used 84620K [0x0000000080000000, 0x0000000100000000)
  region size 1024K, 33 young (33792K), 10 survivors (10240K)
 Metaspace       used 72497K, capacity 74089K, committed 74444K, reserved 1114112K
  class space    used 9301K, capacity 9884K, committed 9984K, reserved 1048576K
GC Heap History (20 events):
Event: 2.308 GC heap before
{Heap before GC invocations=4 (full 0):
 garbage-first heap   total 120832K, used 62923K [0x0000000080000000, 0x0000000100000000)
  region size 1024K, 48 young (49152K), 2 survivors (2048K)
 Metaspace       used 25367K, capacity 26043K, committed 26112K, reserved 1071104K
  class space    used 3307K, capacity 3536K, committed 3584K, reserved 1048576K
}
Event: 2.310 GC heap after
{Heap after GC invocations=5 (full 0):
 garbage-first heap   total 120832K, used 18302K [0x0000000080000000, 0x0000000100000000)
  region size 1024K, 3 young (3072K), 3 survivors (3072K)
 Metaspace       used 25367K, capacity 26043K, committed 26112K, reserved 1071104K
  class space    used 3307K, capacity 3536K, committed 3584K, reserved 1048576K
}
Event: 2.831 GC heap before
{Heap before GC invocations=5 (full 0):
 garbage-first heap   total 120832K, used 69502K [0x0000000080000000, 0x0000000100000000)
  region size 1024K, 54 young (55296K), 3 survivors (3072K)
 Metaspace       used 30910K, capacity 31631K, committed 31872K, reserved 1077248K
  class space    used 4143K, capacity 4379K, committed 4480K, reserved 1048576K
}
Event: 2.836 GC heap after
{Heap after GC invocations=6 (full 0):
 garbage-first heap   total 120832K, used 20310K [0x0000000080000000, 0x0000000100000000)
  region size 1024K, 5 young (5120K), 5 survivors (5120K)
 Metaspace       used 30910K, capacity 31631K, committed 31872K, reserved 1077248K
  class space    used 4143K, capacity 4379K, committed 4480K, reserved 1048576K
}
Event: 3.065 GC heap before
{Heap before GC invocations=6 (full 0):
 garbage-first heap   total 120832K, used 31574K [0x0000000080000000, 0x0000000100000000)
  region size 1024K, 17 young (17408K), 5 survivors (5120K)
 Metaspace       used 34981K, capacity 35738K, committed 35840K, reserved 1081344K
  class space    used 4538K, capacity 4834K, committed 4864K, reserved 1048576K
}
Event: 3.073 GC heap after
{Heap after GC invocations=7 (full 0):
 garbage-first heap   total 145408K, used 22038K [0x0000000080000000, 0x0000000100000000)
  region size 1024K, 6 young (6144K), 6 survivors (6144K)
 Metaspace       used 34981K, capacity 35738K, committed 35840K, reserved 1081344K
  class space    used 4538K, capacity 4834K, committed 4864K, reserved 1048576K
}
Event: 3.627 GC heap before
{Heap before GC invocations=8 (full 0):
 garbage-first heap   total 145408K, used 88598K [0x0000000080000000, 0x0000000100000000)
  region size 1024K, 68 young (69632K), 6 survivors (6144K)
 Metaspace       used 39533K, capacity 40467K, committed 40780K, reserved 1085440K
  class space    used 5065K, capacity 5424K, committed 5504K, reserved 1048576K
}
Event: 3.635 GC heap after
{Heap after GC invocations=9 (full 0):
 garbage-first heap   total 145408K, used 26854K [0x0000000080000000, 0x0000000100000000)
  region size 1024K, 9 young (9216K), 9 survivors (9216K)
 Metaspace       used 39533K, capacity 40467K, committed 40780K, reserved 1085440K
  class space    used 5065K, capacity 5424K, committed 5504K, reserved 1048576K
}
Event: 4.280 GC heap before
{Heap before GC invocations=9 (full 0):
 garbage-first heap   total 145408K, used 91366K [0x0000000080000000, 0x0000000100000000)
  region size 1024K, 72 young (73728K), 9 survivors (9216K)
 Metaspace       used 45299K, capacity 46352K, committed 46412K, reserved 1089536K
  class space    used 5826K, capacity 6230K, committed 6272K, reserved 1048576K
}
Event: 4.289 GC heap after
{Heap after GC invocations=10 (full 0):
 garbage-first heap   total 145408K, used 28983K [0x0000000080000000, 0x0000000100000000)
  region size 1024K, 3 young (3072K), 3 survivors (3072K)
 Metaspace       used 45299K, capacity 46352K, committed 46412K, reserved 1089536K
  class space    used 5826K, capacity 6230K, committed 6272K, reserved 1048576K
}
Event: 5.250 GC heap before
{Heap before GC invocations=10 (full 0):
 garbage-first heap   total 145408K, used 103735K [0x0000000080000000, 0x0000000100000000)
  region size 1024K, 69 young (70656K), 3 survivors (3072K)
 Metaspace       used 48384K, capacity 49765K, committed 49996K, reserved 1093632K
  class space    used 6205K, capacity 6685K, committed 6784K, reserved 1048576K
}
Event: 5.259 GC heap after
{Heap after GC invocations=11 (full 0):
 garbage-first heap   total 145408K, used 49078K [0x0000000080000000, 0x0000000100000000)
  region size 1024K, 9 young (9216K), 9 survivors (9216K)
 Metaspace       used 48384K, capacity 49765K, committed 49996K, reserved 1093632K
  class space    used 6205K, capacity 6685K, committed 6784K, reserved 1048576K
}
Event: 5.959 GC heap before
{Heap before GC invocations=11 (full 0):
 garbage-first heap   total 145408K, used 103350K [0x0000000080000000, 0x0000000100000000)
  region size 1024K, 62 young (63488K), 9 survivors (9216K)
 Metaspace       used 56589K, capacity 58065K, committed 58316K, reserved 1099776K
  class space    used 7136K, capacity 7661K, committed 7680K, reserved 1048576K
}
Event: 5.968 GC heap after
{Heap after GC invocations=12 (full 0):
 garbage-first heap   total 175104K, used 51676K [0x0000000080000000, 0x0000000100000000)
  region size 1024K, 3 young (3072K), 3 survivors (3072K)
 Metaspace       used 56589K, capacity 58065K, committed 58316K, reserved 1099776K
  class space    used 7136K, capacity 7661K, committed 7680K, reserved 1048576K
}
Event: 6.193 GC heap before
{Heap before GC invocations=12 (full 0):
 garbage-first heap   total 175104K, used 63964K [0x0000000080000000, 0x0000000100000000)
  region size 1024K, 16 young (16384K), 3 survivors (3072K)
 Metaspace       used 58660K, capacity 60107K, committed 60236K, reserved 1101824K
  class space    used 7423K, capacity 7976K, committed 8064K, reserved 1048576K
}
Event: 6.199 GC heap after
{Heap after GC invocations=13 (full 0):
 garbage-first heap   total 175104K, used 52255K [0x0000000080000000, 0x0000000100000000)
  region size 1024K, 3 young (3072K), 3 survivors (3072K)
 Metaspace       used 58660K, capacity 60107K, committed 60236K, reserved 1101824K
  class space    used 7423K, capacity 7976K, committed 8064K, reserved 1048576K
}
Event: 6.908 GC heap before
{Heap before GC invocations=14 (full 0):
 garbage-first heap   total 175104K, used 119839K [0x0000000080000000, 0x0000000100000000)
  region size 1024K, 69 young (70656K), 3 survivors (3072K)
 Metaspace       used 65237K, capacity 66705K, committed 66892K, reserved 1107968K
  class space    used 8238K, capacity 8755K, committed 8832K, reserved 1048576K
}
Event: 6.914 GC heap after
{Heap after GC invocations=15 (full 0):
 garbage-first heap   total 175104K, used 56993K [0x0000000080000000, 0x0000000100000000)
  region size 1024K, 8 young (8192K), 8 survivors (8192K)
 Metaspace       used 65237K, capacity 66705K, committed 66892K, reserved 1107968K
  class space    used 8238K, capacity 8755K, committed 8832K, reserved 1048576K
}
Event: 7.590 GC heap before
{Heap before GC invocations=15 (full 0):
 garbage-first heap   total 175104K, used 124577K [0x0000000080000000, 0x0000000100000000)
  region size 1024K, 74 young (75776K), 8 survivors (8192K)
 Metaspace       used 70264K, capacity 71895K, committed 72012K, reserved 1112064K
  class space    used 8977K, capacity 9542K, committed 9600K, reserved 1048576K
}
Event: 7.598 GC heap after
{Heap after GC invocations=16 (full 0):
 garbage-first heap   total 175104K, used 62092K [0x0000000080000000, 0x0000000100000000)
  region size 1024K, 10 young (10240K), 10 survivors (10240K)
 Metaspace       used 70264K, capacity 71895K, committed 72012K, reserved 1112064K
  class space    used 8977K, capacity 9542K, committed 9600K, reserved 1048576K
}

