# JRE version: OpenJDK Runtime Environment (11.0.10) (build 11.0.10+0-b96-7249189)
# Java VM: OpenJDK 64-Bit Server VM (11.0.10+0-b96-7249189, mixed mode, tiered, compressed oops, g1 gc, windows-amd64)
Heap:
 garbage-first heap   total 175104K, used 102158K [0x0000000080000000, 0x0000000100000000)
  region size 1024K, 26 young (26624K), 5 survivors (5120K)
 Metaspace       used 62113K, capacity 63873K, committed 64128K, reserved 1105920K
  class space    used 7960K, capacity 8562K, committed 8576K, reserved 1048576K
GC Heap History (20 events):
Event: 2.950 GC heap before
{Heap before GC invocations=5 (full 0):
 garbage-first heap   total 120832K, used 82039K [0x0000000080000000, 0x0000000100000000)
  region size 1024K, 55 young (56320K), 3 survivors (3072K)
 Metaspace       used 30208K, capacity 31055K, committed 31360K, reserved 1077248K
  class space    used 4075K, capacity 4382K, committed 4480K, reserved 1048576K
}
Event: 2.955 GC heap after
{Heap after GC invocations=6 (full 0):
 garbage-first heap   total 120832K, used 33395K [0x0000000080000000, 0x0000000100000000)
  region size 1024K, 7 young (7168K), 7 survivors (7168K)
 Metaspace       used 30208K, capacity 31055K, committed 31360K, reserved 1077248K
  class space    used 4075K, capacity 4382K, committed 4480K, reserved 1048576K
}
Event: 3.243 GC heap before
{Heap before GC invocations=6 (full 0):
 garbage-first heap   total 120832K, used 50803K [0x0000000080000000, 0x0000000100000000)
  region size 1024K, 25 young (25600K), 7 survivors (7168K)
 Metaspace       used 34871K, capacity 35740K, committed 35840K, reserved 1081344K
  class space    used 4558K, capacity 4901K, committed 4992K, reserved 1048576K
}
Event: 3.254 GC heap after
{Heap after GC invocations=7 (full 0):
 garbage-first heap   total 120832K, used 36629K [0x0000000080000000, 0x0000000100000000)
  region size 1024K, 4 young (4096K), 4 survivors (4096K)
 Metaspace       used 34871K, capacity 35740K, committed 35840K, reserved 1081344K
  class space    used 4558K, capacity 4901K, committed 4992K, reserved 1048576K
}
Event: 3.615 GC heap before
{Heap before GC invocations=8 (full 0):
 garbage-first heap   total 120832K, used 76565K [0x0000000080000000, 0x0000000100000000)
  region size 1024K, 41 young (41984K), 4 survivors (4096K)
 Metaspace       used 38753K, capacity 39739K, committed 39936K, reserved 1083392K
  class space    used 4938K, capacity 5293K, committed 5376K, reserved 1048576K
}
Event: 3.623 GC heap after
{Heap after GC invocations=9 (full 0):
 garbage-first heap   total 145408K, used 40403K [0x0000000080000000, 0x0000000100000000)
  region size 1024K, 6 young (6144K), 6 survivors (6144K)
 Metaspace       used 38753K, capacity 39739K, committed 39936K, reserved 1083392K
  class space    used 4938K, capacity 5293K, committed 5376K, reserved 1048576K
}
Event: 4.293 GC heap before
{Heap before GC invocations=10 (full 0):
 garbage-first heap   total 145408K, used 96723K [0x0000000080000000, 0x0000000100000000)
  region size 1024K, 53 young (54272K), 6 survivors (6144K)
 Metaspace       used 42226K, capacity 43344K, committed 43520K, reserved 1087488K
  class space    used 5425K, capacity 5831K, committed 5888K, reserved 1048576K
}
Event: 4.300 GC heap after
{Heap after GC invocations=11 (full 0):
 garbage-first heap   total 145408K, used 52690K [0x0000000080000000, 0x0000000100000000)
  region size 1024K, 7 young (7168K), 7 survivors (7168K)
 Metaspace       used 42226K, capacity 43344K, committed 43520K, reserved 1087488K
  class space    used 5425K, capacity 5831K, committed 5888K, reserved 1048576K
}
Event: 4.779 GC heap before
{Heap before GC invocations=11 (full 0):
 garbage-first heap   total 145408K, used 98770K [0x0000000080000000, 0x0000000100000000)
  region size 1024K, 51 young (52224K), 7 survivors (7168K)
 Metaspace       used 45234K, capacity 46433K, committed 46592K, reserved 1089536K
  class space    used 5705K, capacity 6131K, committed 6144K, reserved 1048576K
}
Event: 4.787 GC heap after
{Heap after GC invocations=12 (full 0):
 garbage-first heap   total 145408K, used 56691K [0x0000000080000000, 0x0000000100000000)
  region size 1024K, 4 young (4096K), 4 survivors (4096K)
 Metaspace       used 45234K, capacity 46433K, committed 46592K, reserved 1089536K
  class space    used 5705K, capacity 6131K, committed 6144K, reserved 1048576K
}
Event: 5.198 GC heap before
{Heap before GC invocations=12 (full 0):
 garbage-first heap   total 145408K, used 101747K [0x0000000080000000, 0x0000000100000000)
  region size 1024K, 48 young (49152K), 4 survivors (4096K)
 Metaspace       used 48076K, capacity 49476K, committed 49664K, reserved 1091584K
  class space    used 6177K, capacity 6634K, committed 6656K, reserved 1048576K
}
Event: 5.202 GC heap after
{Heap after GC invocations=13 (full 0):
 garbage-first heap   total 145408K, used 59102K [0x0000000080000000, 0x0000000100000000)
  region size 1024K, 3 young (3072K), 3 survivors (3072K)
 Metaspace       used 48076K, capacity 49476K, committed 49664K, reserved 1091584K
  class space    used 6177K, capacity 6634K, committed 6656K, reserved 1048576K
}
Event: 5.760 GC heap before
{Heap before GC invocations=13 (full 0):
 garbage-first heap   total 145408K, used 110302K [0x0000000080000000, 0x0000000100000000)
  region size 1024K, 48 young (49152K), 3 survivors (3072K)
 Metaspace       used 49896K, capacity 51380K, committed 51456K, reserved 1093632K
  class space    used 6379K, capacity 6874K, committed 6912K, reserved 1048576K
}
Event: 5.768 GC heap after
{Heap after GC invocations=14 (full 0):
 garbage-first heap   total 145408K, used 73952K [0x0000000080000000, 0x0000000100000000)
  region size 1024K, 6 young (6144K), 6 survivors (6144K)
 Metaspace       used 49896K, capacity 51380K, committed 51456K, reserved 1093632K
  class space    used 6379K, capacity 6874K, committed 6912K, reserved 1048576K
}
Event: 5.775 GC heap before
{Heap before GC invocations=14 (full 0):
 garbage-first heap   total 145408K, used 74976K [0x0000000080000000, 0x0000000100000000)
  region size 1024K, 8 young (8192K), 6 survivors (6144K)
 Metaspace       used 49896K, capacity 51380K, committed 51456K, reserved 1093632K
  class space    used 6379K, capacity 6874K, committed 6912K, reserved 1048576K
}
Event: 5.781 GC heap after
{Heap after GC invocations=15 (full 0):
 garbage-first heap   total 175104K, used 75004K [0x0000000080000000, 0x0000000100000000)
  region size 1024K, 1 young (1024K), 1 survivors (1024K)
 Metaspace       used 49896K, capacity 51380K, committed 51456K, reserved 1093632K
  class space    used 6379K, capacity 6874K, committed 6912K, reserved 1048576K
}
Event: 6.227 GC heap before
{Heap before GC invocations=16 (full 0):
 garbage-first heap   total 175104K, used 116988K [0x0000000080000000, 0x0000000100000000)
  region size 1024K, 41 young (41984K), 1 survivors (1024K)
 Metaspace       used 53236K, capacity 54864K, committed 55168K, reserved 1097728K
  class space    used 6911K, capacity 7440K, committed 7552K, reserved 1048576K
}
Event: 6.231 GC heap after
{Heap after GC invocations=17 (full 0):
 garbage-first heap   total 175104K, used 79709K [0x0000000080000000, 0x0000000100000000)
  region size 1024K, 4 young (4096K), 4 survivors (4096K)
 Metaspace       used 53236K, capacity 54864K, committed 55168K, reserved 1097728K
  class space    used 6911K, capacity 7440K, committed 7552K, reserved 1048576K
}
Event: 6.763 GC heap before
{Heap before GC invocations=17 (full 0):
 garbage-first heap   total 175104K, used 121693K [0x0000000080000000, 0x0000000100000000)
  region size 1024K, 45 young (46080K), 4 survivors (4096K)
 Metaspace       used 58603K, capacity 60357K, committed 60416K, reserved 1101824K
  class space    used 7565K, capacity 8157K, committed 8192K, reserved 1048576K
}
Event: 6.767 GC heap after
{Heap after GC invocations=18 (full 0):
 garbage-first heap   total 175104K, used 81678K [0x0000000080000000, 0x0000000100000000)
  region size 1024K, 5 young (5120K), 5 survivors (5120K)
 Metaspace       used 58603K, capacity 60357K, committed 60416K, reserved 1101824K
  class space    used 7565K, capacity 8157K, committed 8192K, reserved 1048576K
}

