# JRE version: OpenJDK Runtime Environment (11.0.10) (build 11.0.10+0-b96-7249189)
# Java VM: OpenJDK 64-Bit Server VM (11.0.10+0-b96-7249189, mixed mode, tiered, compressed oops, g1 gc, windows-amd64)
Heap:
 garbage-first heap   total 253952K, used 93342K [0x0000000080000000, 0x0000000100000000)
  region size 1024K, 10 young (10240K), 10 survivors (10240K)
 Metaspace       used 97979K, capacity 100658K, committed 100812K, reserved 1136640K
  class space    used 12724K, capacity 13722K, committed 13824K, reserved 1048576K
GC Heap History (20 events):
Event: 4.645 GC heap after
{Heap after GC invocations=11 (full 0):
 garbage-first heap   total 145408K, used 48999K [0x0000000080000000, 0x0000000100000000)
  region size 1024K, 10 young (10240K), 10 survivors (10240K)
 Metaspace       used 47717K, capacity 48947K, committed 49100K, reserved 1091584K
  class space    used 6111K, capacity 6554K, committed 6656K, reserved 1048576K
}
Event: 5.228 GC heap before
{Heap before GC invocations=11 (full 0):
 garbage-first heap   total 145408K, used 104295K [0x0000000080000000, 0x0000000100000000)
  region size 1024K, 64 young (65536K), 10 survivors (10240K)
 Metaspace       used 55329K, capacity 56765K, committed 56908K, reserved 1099776K
  class space    used 7022K, capacity 7528K, committed 7552K, reserved 1048576K
}
Event: 5.234 GC heap after
{Heap after GC invocations=12 (full 0):
 garbage-first heap   total 145408K, used 51850K [0x0000000080000000, 0x0000000100000000)
  region size 1024K, 3 young (3072K), 3 survivors (3072K)
 Metaspace       used 55329K, capacity 56765K, committed 56908K, reserved 1099776K
  class space    used 7022K, capacity 7528K, committed 7552K, reserved 1048576K
}
Event: 5.483 GC heap before
{Heap before GC invocations=12 (full 0):
 garbage-first heap   total 145408K, used 72330K [0x0000000080000000, 0x0000000100000000)
  region size 1024K, 24 young (24576K), 3 survivors (3072K)
 Metaspace       used 58627K, capacity 60096K, committed 60236K, reserved 1101824K
  class space    used 7423K, capacity 7974K, committed 8064K, reserved 1048576K
}
Event: 5.491 GC heap after
{Heap after GC invocations=13 (full 0):
 garbage-first heap   total 175104K, used 52639K [0x0000000080000000, 0x0000000100000000)
  region size 1024K, 4 young (4096K), 4 survivors (4096K)
 Metaspace       used 58627K, capacity 60096K, committed 60236K, reserved 1101824K
  class space    used 7423K, capacity 7974K, committed 8064K, reserved 1048576K
}
Event: 6.227 GC heap before
{Heap before GC invocations=14 (full 0):
 garbage-first heap   total 175104K, used 120223K [0x0000000080000000, 0x0000000100000000)
  region size 1024K, 70 young (71680K), 4 survivors (4096K)
 Metaspace       used 65232K, capacity 66640K, committed 66892K, reserved 1107968K
  class space    used 8240K, capacity 8755K, committed 8832K, reserved 1048576K
}
Event: 6.233 GC heap after
{Heap after GC invocations=15 (full 0):
 garbage-first heap   total 175104K, used 57416K [0x0000000080000000, 0x0000000100000000)
  region size 1024K, 8 young (8192K), 8 survivors (8192K)
 Metaspace       used 65232K, capacity 66640K, committed 66892K, reserved 1107968K
  class space    used 8240K, capacity 8755K, committed 8832K, reserved 1048576K
}
Event: 6.786 GC heap before
{Heap before GC invocations=15 (full 0):
 garbage-first heap   total 175104K, used 125000K [0x0000000080000000, 0x0000000100000000)
  region size 1024K, 74 young (75776K), 8 survivors (8192K)
 Metaspace       used 70267K, capacity 71894K, committed 72012K, reserved 1112064K
  class space    used 8980K, capacity 9542K, committed 9600K, reserved 1048576K
}
Event: 6.794 GC heap after
{Heap after GC invocations=16 (full 0):
 garbage-first heap   total 175104K, used 62540K [0x0000000080000000, 0x0000000100000000)
  region size 1024K, 10 young (10240K), 10 survivors (10240K)
 Metaspace       used 70267K, capacity 71894K, committed 72012K, reserved 1112064K
  class space    used 8980K, capacity 9542K, committed 9600K, reserved 1048576K
}
Event: 7.532 GC heap before
{Heap before GC invocations=16 (full 0):
 garbage-first heap   total 175104K, used 129100K [0x0000000080000000, 0x0000000100000000)
  region size 1024K, 75 young (76800K), 10 survivors (10240K)
 Metaspace       used 77834K, capacity 79532K, committed 79820K, reserved 1118208K
  class space    used 10064K, capacity 10704K, committed 10752K, reserved 1048576K
}
Event: 7.542 GC heap after
{Heap after GC invocations=17 (full 0):
 garbage-first heap   total 175104K, used 67160K [0x0000000080000000, 0x0000000100000000)
  region size 1024K, 5 young (5120K), 5 survivors (5120K)
 Metaspace       used 77834K, capacity 79532K, committed 79820K, reserved 1118208K
  class space    used 10064K, capacity 10704K, committed 10752K, reserved 1048576K
}
Event: 8.255 GC heap before
{Heap before GC invocations=17 (full 0):
 garbage-first heap   total 175104K, used 132696K [0x0000000080000000, 0x0000000100000000)
  region size 1024K, 70 young (71680K), 5 survivors (5120K)
 Metaspace       used 84010K, capacity 85858K, committed 86092K, reserved 1124352K
  class space    used 10826K, capacity 11546K, committed 11648K, reserved 1048576K
}
Event: 8.266 GC heap after
{Heap after GC invocations=18 (full 0):
 garbage-first heap   total 210944K, used 73172K [0x0000000080000000, 0x0000000100000000)
  region size 1024K, 9 young (9216K), 9 survivors (9216K)
 Metaspace       used 84010K, capacity 85858K, committed 86092K, reserved 1124352K
  class space    used 10826K, capacity 11546K, committed 11648K, reserved 1048576K
}
Event: 9.106 GC heap before
{Heap before GC invocations=18 (full 0):
 garbage-first heap   total 210944K, used 152020K [0x0000000080000000, 0x0000000100000000)
  region size 1024K, 87 young (89088K), 9 survivors (9216K)
 Metaspace       used 85723K, capacity 88007K, committed 88268K, reserved 1126400K
  class space    used 11065K, capacity 11948K, committed 12032K, reserved 1048576K
}
Event: 9.128 GC heap after
{Heap after GC invocations=19 (full 0):
 garbage-first heap   total 210944K, used 81457K [0x0000000080000000, 0x0000000100000000)
  region size 1024K, 11 young (11264K), 11 survivors (11264K)
 Metaspace       used 85723K, capacity 88007K, committed 88268K, reserved 1126400K
  class space    used 11065K, capacity 11948K, committed 12032K, reserved 1048576K
}
Event: 9.674 GC heap before
{Heap before GC invocations=19 (full 0):
 garbage-first heap   total 210944K, used 159281K [0x0000000080000000, 0x0000000100000000)
  region size 1024K, 88 young (90112K), 11 survivors (11264K)
 Metaspace       used 89440K, capacity 91749K, committed 91980K, reserved 1128448K
  class space    used 11537K, capacity 12408K, committed 12416K, reserved 1048576K
}
Event: 9.686 GC heap after
{Heap after GC invocations=20 (full 0):
 garbage-first heap   total 210944K, used 86735K [0x0000000080000000, 0x0000000100000000)
  region size 1024K, 6 young (6144K), 6 survivors (6144K)
 Metaspace       used 89440K, capacity 91749K, committed 91980K, reserved 1128448K
  class space    used 11537K, capacity 12408K, committed 12416K, reserved 1048576K
}
Event: 11.908 GC heap before
{Heap before GC invocations=20 (full 0):
 garbage-first heap   total 210944K, used 164559K [0x0000000080000000, 0x0000000100000000)
  region size 1024K, 82 young (83968K), 6 survivors (6144K)
 Metaspace       used 94502K, capacity 97057K, committed 97100K, reserved 1132544K
  class space    used 12228K, capacity 13155K, committed 13184K, reserved 1048576K
}
Event: 11.923 GC heap after
{Heap after GC invocations=21 (full 0):
 garbage-first heap   total 210944K, used 91008K [0x0000000080000000, 0x0000000100000000)
  region size 1024K, 10 young (10240K), 10 survivors (10240K)
 Metaspace       used 94502K, capacity 97057K, committed 97100K, reserved 1132544K
  class space    used 12228K, capacity 13155K, committed 13184K, reserved 1048576K
}
Event: 12.459 GC heap before
{Heap before GC invocations=21 (full 0):
 garbage-first heap   total 210944K, used 135040K [0x0000000080000000, 0x0000000100000000)
  region size 1024K, 55 young (56320K), 10 survivors (10240K)
 Metaspace       used 97979K, capacity 100658K, committed 100812K, reserved 1136640K
  class space    used 12724K, capacity 13722K, committed 13824K, reserved 1048576K
}

