# JRE version: OpenJDK Runtime Environment (11.0.10) (build 11.0.10+0-b96-7249189)
# Java VM: OpenJDK 64-Bit Server VM (11.0.10+0-b96-7249189, mixed mode, tiered, compressed oops, g1 gc, windows-amd64)
Heap:
 garbage-first heap   total 175104K, used 64080K [0x0000000080000000, 0x0000000100000000)
  region size 1024K, 8 young (8192K), 5 survivors (5120K)
 Metaspace       used 66920K, capacity 68388K, committed 68684K, reserved 1110016K
  class space    used 8430K, capacity 8991K, committed 9088K, reserved 1048576K
GC Heap History (20 events):
Event: 2.351 GC heap before
{Heap before GC invocations=4 (full 0):
 garbage-first heap   total 120832K, used 63952K [0x0000000080000000, 0x0000000100000000)
  region size 1024K, 48 young (49152K), 2 survivors (2048K)
 Metaspace       used 25412K, capacity 26043K, committed 26112K, reserved 1071104K
  class space    used 3311K, capacity 3536K, committed 3584K, reserved 1048576K
}
Event: 2.354 GC heap after
{Heap after GC invocations=5 (full 0):
 garbage-first heap   total 120832K, used 18286K [0x0000000080000000, 0x0000000100000000)
  region size 1024K, 3 young (3072K), 3 survivors (3072K)
 Metaspace       used 25412K, capacity 26043K, committed 26112K, reserved 1071104K
  class space    used 3311K, capacity 3536K, committed 3584K, reserved 1048576K
}
Event: 2.849 GC heap before
{Heap before GC invocations=5 (full 0):
 garbage-first heap   total 120832K, used 70510K [0x0000000080000000, 0x0000000100000000)
  region size 1024K, 54 young (55296K), 3 survivors (3072K)
 Metaspace       used 30943K, capacity 31728K, committed 31872K, reserved 1077248K
  class space    used 4144K, capacity 4411K, committed 4480K, reserved 1048576K
}
Event: 2.852 GC heap after
{Heap after GC invocations=6 (full 0):
 garbage-first heap   total 120832K, used 20255K [0x0000000080000000, 0x0000000100000000)
  region size 1024K, 5 young (5120K), 5 survivors (5120K)
 Metaspace       used 30943K, capacity 31728K, committed 31872K, reserved 1077248K
  class space    used 4144K, capacity 4411K, committed 4480K, reserved 1048576K
}
Event: 3.047 GC heap before
{Heap before GC invocations=6 (full 0):
 garbage-first heap   total 120832K, used 30495K [0x0000000080000000, 0x0000000100000000)
  region size 1024K, 17 young (17408K), 5 survivors (5120K)
 Metaspace       used 35017K, capacity 35803K, committed 35840K, reserved 1081344K
  class space    used 4538K, capacity 4834K, committed 4864K, reserved 1048576K
}
Event: 3.057 GC heap after
{Heap after GC invocations=7 (full 0):
 garbage-first heap   total 120832K, used 22015K [0x0000000080000000, 0x0000000100000000)
  region size 1024K, 6 young (6144K), 6 survivors (6144K)
 Metaspace       used 35017K, capacity 35803K, committed 35840K, reserved 1081344K
  class space    used 4538K, capacity 4834K, committed 4864K, reserved 1048576K
}
Event: 3.465 GC heap before
{Heap before GC invocations=8 (full 0):
 garbage-first heap   total 120832K, used 75263K [0x0000000080000000, 0x0000000100000000)
  region size 1024K, 56 young (57344K), 6 survivors (6144K)
 Metaspace       used 38666K, capacity 39572K, committed 39884K, reserved 1083392K
  class space    used 4932K, capacity 5253K, committed 5376K, reserved 1048576K
}
Event: 3.472 GC heap after
{Heap after GC invocations=9 (full 0):
 garbage-first heap   total 120832K, used 26067K [0x0000000080000000, 0x0000000100000000)
  region size 1024K, 7 young (7168K), 7 survivors (7168K)
 Metaspace       used 38666K, capacity 39572K, committed 39884K, reserved 1083392K
  class space    used 4932K, capacity 5253K, committed 5376K, reserved 1048576K
}
Event: 3.991 GC heap before
{Heap before GC invocations=9 (full 0):
 garbage-first heap   total 120832K, used 80339K [0x0000000080000000, 0x0000000100000000)
  region size 1024K, 59 young (60416K), 7 survivors (7168K)
 Metaspace       used 43556K, capacity 44576K, committed 44876K, reserved 1087488K
  class space    used 5568K, capacity 5936K, committed 6016K, reserved 1048576K
}
Event: 4.001 GC heap after
{Heap after GC invocations=10 (full 0):
 garbage-first heap   total 145408K, used 28506K [0x0000000080000000, 0x0000000100000000)
  region size 1024K, 6 young (6144K), 6 survivors (6144K)
 Metaspace       used 43556K, capacity 44576K, committed 44876K, reserved 1087488K
  class space    used 5568K, capacity 5936K, committed 6016K, reserved 1048576K
}
Event: 4.695 GC heap before
{Heap before GC invocations=10 (full 0):
 garbage-first heap   total 145408K, used 90970K [0x0000000080000000, 0x0000000100000000)
  region size 1024K, 68 young (69632K), 6 survivors (6144K)
 Metaspace       used 47036K, capacity 48280K, committed 48460K, reserved 1091584K
  class space    used 6022K, capacity 6463K, committed 6528K, reserved 1048576K
}
Event: 4.703 GC heap after
{Heap after GC invocations=11 (full 0):
 garbage-first heap   total 145408K, used 34220K [0x0000000080000000, 0x0000000100000000)
  region size 1024K, 8 young (8192K), 8 survivors (8192K)
 Metaspace       used 47036K, capacity 48280K, committed 48460K, reserved 1091584K
  class space    used 6022K, capacity 6463K, committed 6528K, reserved 1048576K
}
Event: 5.328 GC heap before
{Heap before GC invocations=11 (full 0):
 garbage-first heap   total 145408K, used 104876K [0x0000000080000000, 0x0000000100000000)
  region size 1024K, 69 young (70656K), 8 survivors (8192K)
 Metaspace       used 53158K, capacity 54526K, committed 54732K, reserved 1097728K
  class space    used 6804K, capacity 7313K, committed 7424K, reserved 1048576K
}
Event: 5.337 GC heap after
{Heap after GC invocations=12 (full 0):
 garbage-first heap   total 145408K, used 51780K [0x0000000080000000, 0x0000000100000000)
  region size 1024K, 9 young (9216K), 9 survivors (9216K)
 Metaspace       used 53158K, capacity 54526K, committed 54732K, reserved 1097728K
  class space    used 6804K, capacity 7313K, committed 7424K, reserved 1048576K
}
Event: 5.725 GC heap before
{Heap before GC invocations=12 (full 0):
 garbage-first heap   total 145408K, used 83524K [0x0000000080000000, 0x0000000100000000)
  region size 1024K, 41 young (41984K), 9 survivors (9216K)
 Metaspace       used 58671K, capacity 60129K, committed 60236K, reserved 1101824K
  class space    used 7422K, capacity 7962K, committed 8064K, reserved 1048576K
}
Event: 5.736 GC heap after
{Heap after GC invocations=13 (full 0):
 garbage-first heap   total 145408K, used 53299K [0x0000000080000000, 0x0000000100000000)
  region size 1024K, 2 young (2048K), 2 survivors (2048K)
 Metaspace       used 58671K, capacity 60129K, committed 60236K, reserved 1101824K
  class space    used 7422K, capacity 7962K, committed 8064K, reserved 1048576K
}
Event: 6.216 GC heap before
{Heap before GC invocations=14 (full 0):
 garbage-first heap   total 145408K, used 100403K [0x0000000080000000, 0x0000000100000000)
  region size 1024K, 49 young (50176K), 2 survivors (2048K)
 Metaspace       used 63323K, capacity 64899K, committed 65100K, reserved 1105920K
  class space    used 8002K, capacity 8563K, committed 8576K, reserved 1048576K
}
Event: 6.222 GC heap after
{Heap after GC invocations=15 (full 0):
 garbage-first heap   total 175104K, used 57143K [0x0000000080000000, 0x0000000100000000)
  region size 1024K, 6 young (6144K), 6 survivors (6144K)
 Metaspace       used 63323K, capacity 64899K, committed 65100K, reserved 1105920K
  class space    used 8002K, capacity 8563K, committed 8576K, reserved 1048576K
}
Event: 6.719 GC heap before
{Heap before GC invocations=15 (full 0):
 garbage-first heap   total 175104K, used 116535K [0x0000000080000000, 0x0000000100000000)
  region size 1024K, 63 young (64512K), 6 survivors (6144K)
 Metaspace       used 66679K, capacity 68254K, committed 68428K, reserved 1107968K
  class space    used 8410K, capacity 8989K, committed 9088K, reserved 1048576K
}
Event: 6.728 GC heap after
{Heap after GC invocations=16 (full 0):
 garbage-first heap   total 175104K, used 62032K [0x0000000080000000, 0x0000000100000000)
  region size 1024K, 5 young (5120K), 5 survivors (5120K)
 Metaspace       used 66679K, capacity 68254K, committed 68428K, reserved 1107968K
  class space    used 8410K, capacity 8989K, committed 9088K, reserved 1048576K
}

