# JRE version: OpenJDK Runtime Environment (11.0.10) (build 11.0.10+0-b96-7249189)
# Java VM: OpenJDK 64-Bit Server VM (11.0.10+0-b96-7249189, mixed mode, tiered, compressed oops, g1 gc, windows-amd64)
Heap:
 garbage-first heap   total 210944K, used 103061K [0x0000000080000000, 0x0000000100000000)
  region size 1024K, 19 young (19456K), 9 survivors (9216K)
 Metaspace       used 96779K, capacity 99434K, committed 99532K, reserved 1134592K
  class space    used 12525K, capacity 13477K, committed 13568K, reserved 1048576K
GC Heap History (20 events):
Event: 5.662 GC heap before
{Heap before GC invocations=12 (full 0):
 garbage-first heap   total 145408K, used 87892K [0x0000000080000000, 0x0000000100000000)
  region size 1024K, 46 young (47104K), 9 survivors (9216K)
 Metaspace       used 58634K, capacity 60096K, committed 60236K, reserved 1101824K
  class space    used 7421K, capacity 7973K, committed 8064K, reserved 1048576K
}
Event: 5.672 GC heap after
{Heap after GC invocations=13 (full 0):
 garbage-first heap   total 145408K, used 53366K [0x0000000080000000, 0x0000000100000000)
  region size 1024K, 2 young (2048K), 2 survivors (2048K)
 Metaspace       used 58634K, capacity 60096K, committed 60236K, reserved 1101824K
  class space    used 7421K, capacity 7973K, committed 8064K, reserved 1048576K
}
Event: 6.193 GC heap before
{Heap before GC invocations=14 (full 0):
 garbage-first heap   total 145408K, used 101494K [0x0000000080000000, 0x0000000100000000)
  region size 1024K, 50 young (51200K), 2 survivors (2048K)
 Metaspace       used 63461K, capacity 64973K, committed 65228K, reserved 1105920K
  class space    used 8009K, capacity 8565K, committed 8704K, reserved 1048576K
}
Event: 6.199 GC heap after
{Heap after GC invocations=15 (full 0):
 garbage-first heap   total 175104K, used 57460K [0x0000000080000000, 0x0000000100000000)
  region size 1024K, 6 young (6144K), 6 survivors (6144K)
 Metaspace       used 63461K, capacity 64973K, committed 65228K, reserved 1105920K
  class space    used 8009K, capacity 8565K, committed 8704K, reserved 1048576K
}
Event: 6.690 GC heap before
{Heap before GC invocations=15 (full 0):
 garbage-first heap   total 175104K, used 116852K [0x0000000080000000, 0x0000000100000000)
  region size 1024K, 63 young (64512K), 6 survivors (6144K)
 Metaspace       used 66773K, capacity 68320K, committed 68428K, reserved 1107968K
  class space    used 8413K, capacity 8989K, committed 9088K, reserved 1048576K
}
Event: 6.698 GC heap after
{Heap after GC invocations=16 (full 0):
 garbage-first heap   total 175104K, used 62088K [0x0000000080000000, 0x0000000100000000)
  region size 1024K, 5 young (5120K), 5 survivors (5120K)
 Metaspace       used 66773K, capacity 68320K, committed 68428K, reserved 1107968K
  class space    used 8413K, capacity 8989K, committed 9088K, reserved 1048576K
}
Event: 7.460 GC heap before
{Heap before GC invocations=16 (full 0):
 garbage-first heap   total 175104K, used 120456K [0x0000000080000000, 0x0000000100000000)
  region size 1024K, 62 young (63488K), 5 survivors (5120K)
 Metaspace       used 74390K, capacity 76012K, committed 76236K, reserved 1116160K
  class space    used 9515K, capacity 10137K, committed 10240K, reserved 1048576K
}
Event: 7.467 GC heap after
{Heap after GC invocations=17 (full 0):
 garbage-first heap   total 175104K, used 65990K [0x0000000080000000, 0x0000000100000000)
  region size 1024K, 4 young (4096K), 4 survivors (4096K)
 Metaspace       used 74390K, capacity 76012K, committed 76236K, reserved 1116160K
  class space    used 9515K, capacity 10137K, committed 10240K, reserved 1048576K
}
Event: 8.081 GC heap before
{Heap before GC invocations=17 (full 0):
 garbage-first heap   total 175104K, used 125382K [0x0000000080000000, 0x0000000100000000)
  region size 1024K, 62 young (63488K), 4 survivors (4096K)
 Metaspace       used 80167K, capacity 81976K, committed 82252K, reserved 1120256K
  class space    used 10345K, capacity 11018K, committed 11136K, reserved 1048576K
}
Event: 8.087 GC heap after
{Heap after GC invocations=18 (full 0):
 garbage-first heap   total 175104K, used 69040K [0x0000000080000000, 0x0000000100000000)
  region size 1024K, 7 young (7168K), 7 survivors (7168K)
 Metaspace       used 80167K, capacity 81976K, committed 82252K, reserved 1120256K
  class space    used 10345K, capacity 11018K, committed 11136K, reserved 1048576K
}
Event: 8.809 GC heap before
{Heap before GC invocations=18 (full 0):
 garbage-first heap   total 175104K, used 128432K [0x0000000080000000, 0x0000000100000000)
  region size 1024K, 66 young (67584K), 7 survivors (7168K)
 Metaspace       used 85030K, capacity 87312K, committed 87372K, reserved 1124352K
  class space    used 11018K, capacity 11860K, committed 11904K, reserved 1048576K
}
Event: 8.822 GC heap after
{Heap after GC invocations=19 (full 0):
 garbage-first heap   total 175104K, used 75061K [0x0000000080000000, 0x0000000100000000)
  region size 1024K, 9 young (9216K), 9 survivors (9216K)
 Metaspace       used 85030K, capacity 87312K, committed 87372K, reserved 1124352K
  class space    used 11018K, capacity 11860K, committed 11904K, reserved 1048576K
}
Event: 9.212 GC heap before
{Heap before GC invocations=19 (full 0):
 garbage-first heap   total 175104K, used 132405K [0x0000000080000000, 0x0000000100000000)
  region size 1024K, 66 young (67584K), 9 survivors (9216K)
 Metaspace       used 85529K, capacity 87757K, committed 88012K, reserved 1126400K
  class space    used 11054K, capacity 11912K, committed 12032K, reserved 1048576K
}
Event: 9.225 GC heap after
{Heap after GC invocations=20 (full 0):
 garbage-first heap   total 175104K, used 81893K [0x0000000080000000, 0x0000000100000000)
  region size 1024K, 7 young (7168K), 7 survivors (7168K)
 Metaspace       used 85529K, capacity 87757K, committed 88012K, reserved 1126400K
  class space    used 11054K, capacity 11912K, committed 12032K, reserved 1048576K
}
Event: 9.695 GC heap before
{Heap before GC invocations=20 (full 0):
 garbage-first heap   total 175104K, used 136165K [0x0000000080000000, 0x0000000100000000)
  region size 1024K, 61 young (62464K), 7 survivors (7168K)
 Metaspace       used 87238K, capacity 89539K, committed 89676K, reserved 1126400K
  class space    used 11254K, capacity 12120K, committed 12160K, reserved 1048576K
}
Event: 9.703 GC heap after
{Heap after GC invocations=21 (full 0):
 garbage-first heap   total 210944K, used 85064K [0x0000000080000000, 0x0000000100000000)
  region size 1024K, 6 young (6144K), 6 survivors (6144K)
 Metaspace       used 87238K, capacity 89539K, committed 89676K, reserved 1126400K
  class space    used 11254K, capacity 12120K, committed 12160K, reserved 1048576K
}
Event: 10.398 GC heap before
{Heap before GC invocations=21 (full 0):
 garbage-first heap   total 210944K, used 151624K [0x0000000080000000, 0x0000000100000000)
  region size 1024K, 72 young (73728K), 6 survivors (6144K)
 Metaspace       used 92179K, capacity 94424K, committed 94668K, reserved 1130496K
  class space    used 11886K, capacity 12764K, committed 12800K, reserved 1048576K
}
Event: 10.404 GC heap after
{Heap after GC invocations=22 (full 0):
 garbage-first heap   total 210944K, used 89561K [0x0000000080000000, 0x0000000100000000)
  region size 1024K, 5 young (5120K), 5 survivors (5120K)
 Metaspace       used 92179K, capacity 94424K, committed 94668K, reserved 1130496K
  class space    used 11886K, capacity 12764K, committed 12800K, reserved 1048576K
}
Event: 12.628 GC heap before
{Heap before GC invocations=22 (full 0):
 garbage-first heap   total 210944K, used 156121K [0x0000000080000000, 0x0000000100000000)
  region size 1024K, 71 young (72704K), 5 survivors (5120K)
 Metaspace       used 95377K, capacity 98001K, committed 98252K, reserved 1134592K
  class space    used 12335K, capacity 13279K, committed 13312K, reserved 1048576K
}
Event: 12.640 GC heap after
{Heap after GC invocations=23 (full 0):
 garbage-first heap   total 210944K, used 93845K [0x0000000080000000, 0x0000000100000000)
  region size 1024K, 9 young (9216K), 9 survivors (9216K)
 Metaspace       used 95377K, capacity 98001K, committed 98252K, reserved 1134592K
  class space    used 12335K, capacity 13279K, committed 13312K, reserved 1048576K
}

