# JRE version: OpenJDK Runtime Environment (11.0.10) (build 11.0.10+0-b96-7249189)
# Java VM: OpenJDK 64-Bit Server VM (11.0.10+0-b96-7249189, mixed mode, tiered, compressed oops, g1 gc, windows-amd64)
Heap:
 garbage-first heap   total 210944K, used 155381K [0x0000000080000000, 0x0000000100000000)
  region size 1024K, 72 young (73728K), 3 survivors (3072K)
 Metaspace       used 89240K, capacity 91553K, committed 91724K, reserved 1128448K
  class space    used 11521K, capacity 12383K, committed 12416K, reserved 1048576K
GC Heap History (20 events):
Event: 3.994 GC heap before
{Heap before GC invocations=9 (full 0):
 garbage-first heap   total 120832K, used 76380K [0x0000000080000000, 0x0000000100000000)
  region size 1024K, 56 young (57344K), 7 survivors (7168K)
 Metaspace       used 43064K, capacity 44085K, committed 44236K, reserved 1087488K
  class space    used 5501K, capacity 5857K, committed 5888K, reserved 1048576K
}
Event: 4.001 GC heap after
{Heap after GC invocations=10 (full 0):
 garbage-first heap   total 145408K, used 28687K [0x0000000080000000, 0x0000000100000000)
  region size 1024K, 6 young (6144K), 6 survivors (6144K)
 Metaspace       used 43064K, capacity 44085K, committed 44236K, reserved 1087488K
  class space    used 5501K, capacity 5857K, committed 5888K, reserved 1048576K
}
Event: 4.684 GC heap before
{Heap before GC invocations=10 (full 0):
 garbage-first heap   total 145408K, used 89103K [0x0000000080000000, 0x0000000100000000)
  region size 1024K, 65 young (66560K), 6 survivors (6144K)
 Metaspace       used 46857K, capacity 48101K, committed 48204K, reserved 1091584K
  class space    used 6013K, capacity 6471K, committed 6528K, reserved 1048576K
}
Event: 4.691 GC heap after
{Heap after GC invocations=11 (full 0):
 garbage-first heap   total 145408K, used 32556K [0x0000000080000000, 0x0000000100000000)
  region size 1024K, 6 young (6144K), 6 survivors (6144K)
 Metaspace       used 46857K, capacity 48101K, committed 48204K, reserved 1091584K
  class space    used 6013K, capacity 6471K, committed 6528K, reserved 1048576K
}
Event: 5.409 GC heap before
{Heap before GC invocations=11 (full 0):
 garbage-first heap   total 145408K, used 102188K [0x0000000080000000, 0x0000000100000000)
  region size 1024K, 67 young (68608K), 6 survivors (6144K)
 Metaspace       used 51767K, capacity 53172K, committed 53452K, reserved 1095680K
  class space    used 6611K, capacity 7119K, committed 7168K, reserved 1048576K
}
Event: 5.418 GC heap after
{Heap after GC invocations=12 (full 0):
 garbage-first heap   total 145408K, used 51083K [0x0000000080000000, 0x0000000100000000)
  region size 1024K, 9 young (9216K), 9 survivors (9216K)
 Metaspace       used 51767K, capacity 53172K, committed 53452K, reserved 1095680K
  class space    used 6611K, capacity 7119K, committed 7168K, reserved 1048576K
}
Event: 5.984 GC heap before
{Heap before GC invocations=12 (full 0):
 garbage-first heap   total 145408K, used 92043K [0x0000000080000000, 0x0000000100000000)
  region size 1024K, 50 young (51200K), 9 survivors (9216K)
 Metaspace       used 58640K, capacity 60093K, committed 60236K, reserved 1101824K
  class space    used 7422K, capacity 7972K, committed 8064K, reserved 1048576K
}
Event: 5.994 GC heap after
{Heap after GC invocations=13 (full 0):
 garbage-first heap   total 145408K, used 53468K [0x0000000080000000, 0x0000000100000000)
  region size 1024K, 3 young (3072K), 3 survivors (3072K)
 Metaspace       used 58640K, capacity 60093K, committed 60236K, reserved 1101824K
  class space    used 7422K, capacity 7972K, committed 8064K, reserved 1048576K
}
Event: 6.553 GC heap before
{Heap before GC invocations=14 (full 0):
 garbage-first heap   total 145408K, used 101596K [0x0000000080000000, 0x0000000100000000)
  region size 1024K, 51 young (52224K), 3 survivors (3072K)
 Metaspace       used 63442K, capacity 64970K, committed 65228K, reserved 1105920K
  class space    used 8009K, capacity 8565K, committed 8704K, reserved 1048576K
}
Event: 6.558 GC heap after
{Heap after GC invocations=15 (full 0):
 garbage-first heap   total 175104K, used 57504K [0x0000000080000000, 0x0000000100000000)
  region size 1024K, 7 young (7168K), 7 survivors (7168K)
 Metaspace       used 63442K, capacity 64970K, committed 65228K, reserved 1105920K
  class space    used 8009K, capacity 8565K, committed 8704K, reserved 1048576K
}
Event: 7.094 GC heap before
{Heap before GC invocations=15 (full 0):
 garbage-first heap   total 175104K, used 119968K [0x0000000080000000, 0x0000000100000000)
  region size 1024K, 67 young (68608K), 7 survivors (7168K)
 Metaspace       used 67052K, capacity 68674K, committed 68940K, reserved 1110016K
  class space    used 8446K, capacity 9023K, committed 9088K, reserved 1048576K
}
Event: 7.102 GC heap after
{Heap after GC invocations=16 (full 0):
 garbage-first heap   total 175104K, used 62379K [0x0000000080000000, 0x0000000100000000)
  region size 1024K, 9 young (9216K), 9 survivors (9216K)
 Metaspace       used 67052K, capacity 68674K, committed 68940K, reserved 1110016K
  class space    used 8446K, capacity 9023K, committed 9088K, reserved 1048576K
}
Event: 7.934 GC heap before
{Heap before GC invocations=16 (full 0):
 garbage-first heap   total 175104K, used 124843K [0x0000000080000000, 0x0000000100000000)
  region size 1024K, 70 young (71680K), 9 survivors (9216K)
 Metaspace       used 75007K, capacity 76647K, committed 76748K, reserved 1116160K
  class space    used 9609K, capacity 10220K, committed 10240K, reserved 1048576K
}
Event: 7.943 GC heap after
{Heap after GC invocations=17 (full 0):
 garbage-first heap   total 175104K, used 66716K [0x0000000080000000, 0x0000000100000000)
  region size 1024K, 9 young (9216K), 9 survivors (9216K)
 Metaspace       used 75007K, capacity 76647K, committed 76748K, reserved 1116160K
  class space    used 9609K, capacity 10220K, committed 10240K, reserved 1048576K
}
Event: 8.568 GC heap before
{Heap before GC invocations=17 (full 0):
 garbage-first heap   total 175104K, used 129180K [0x0000000080000000, 0x0000000100000000)
  region size 1024K, 70 young (71680K), 9 survivors (9216K)
 Metaspace       used 80846K, capacity 82653K, committed 82764K, reserved 1120256K
  class space    used 10420K, capacity 11090K, committed 11136K, reserved 1048576K
}
Event: 8.577 GC heap after
{Heap after GC invocations=18 (full 0):
 garbage-first heap   total 175104K, used 70848K [0x0000000080000000, 0x0000000100000000)
  region size 1024K, 9 young (9216K), 9 survivors (9216K)
 Metaspace       used 80846K, capacity 82653K, committed 82764K, reserved 1120256K
  class space    used 10420K, capacity 11090K, committed 11136K, reserved 1048576K
}
Event: 9.154 GC heap before
{Heap before GC invocations=18 (full 0):
 garbage-first heap   total 175104K, used 131264K [0x0000000080000000, 0x0000000100000000)
  region size 1024K, 69 young (70656K), 9 survivors (9216K)
 Metaspace       used 85069K, capacity 87326K, committed 87372K, reserved 1124352K
  class space    used 11018K, capacity 11860K, committed 11904K, reserved 1048576K
}
Event: 9.167 GC heap after
{Heap after GC invocations=19 (full 0):
 garbage-first heap   total 175104K, used 78244K [0x0000000080000000, 0x0000000100000000)
  region size 1024K, 9 young (9216K), 9 survivors (9216K)
 Metaspace       used 85069K, capacity 87326K, committed 87372K, reserved 1124352K
  class space    used 11018K, capacity 11860K, committed 11904K, reserved 1048576K
}
Event: 9.522 GC heap before
{Heap before GC invocations=19 (full 0):
 garbage-first heap   total 175104K, used 134564K [0x0000000080000000, 0x0000000100000000)
  region size 1024K, 65 young (66560K), 9 survivors (9216K)
 Metaspace       used 85665K, capacity 88009K, committed 88268K, reserved 1126400K
  class space    used 11057K, capacity 11944K, committed 12032K, reserved 1048576K
}
Event: 9.532 GC heap after
{Heap after GC invocations=20 (full 0):
 garbage-first heap   total 210944K, used 84725K [0x0000000080000000, 0x0000000100000000)
  region size 1024K, 7 young (7168K), 7 survivors (7168K)
 Metaspace       used 85665K, capacity 88009K, committed 88268K, reserved 1126400K
  class space    used 11057K, capacity 11944K, committed 12032K, reserved 1048576K
}

